  Assignment 9-3.cpp
C:\Users\joann\Desktop\林基成作業\108-2\hw9\Assignment 9-3\List - 1081517 - hw9.h(244,2): warning C4018: '<': signed/unsigned mismatch
C:\Users\joann\Desktop\林基成作業\108-2\hw9\Assignment 9-3\List - 1081517 - hw9.h(236): message : while compiling class template member function 'list<unsigned short> &list<unsigned short>::operator =(const list<unsigned short> &)'
C:\Users\joann\Desktop\林基成作業\108-2\hw9\Assignment 9-3\HugeInteger 9-3 - 1081517.h(111): message : see reference to function template instantiation 'list<unsigned short> &list<unsigned short>::operator =(const list<unsigned short> &)' being compiled
C:\Users\joann\Desktop\林基成作業\108-2\hw9\Assignment 9-3\HugeInteger 9-3 - 1081517.h(67): message : see reference to class template instantiation 'list<unsigned short>' being compiled
C:\Users\joann\Desktop\林基成作業\108-2\hw9\Assignment 9-3\Assignment 9-3.cpp(45): message : see reference to class template instantiation 'HugeInteger<list<unsigned short>>' being compiled
C:\Users\joann\Desktop\林基成作業\108-2\hw9\Assignment 9-3\List - 1081517 - hw9.h(218,2): warning C4018: '<': signed/unsigned mismatch
C:\Users\joann\Desktop\林基成作業\108-2\hw9\Assignment 9-3\List - 1081517 - hw9.h(210): message : while compiling class template member function 'list<unsigned short>::list(const list<unsigned short> &)'
C:\Users\joann\Desktop\林基成作業\108-2\hw9\Assignment 9-3\HugeInteger 9-3 - 1081517.h(87): message : see reference to function template instantiation 'list<unsigned short>::list(const list<unsigned short> &)' being compiled
C:\Users\joann\Desktop\林基成作業\108-2\hw9\Assignment 9-3\Deque - 1081517 - hw9.h(631,23): warning C4018: '<': signed/unsigned mismatch
C:\Users\joann\Desktop\林基成作業\108-2\hw9\Assignment 9-3\HugeInteger 9-3 - 1081517.h(118): message : see reference to function template instantiation 'bool operator ==<int>(const deque<int> &,const deque<int> &)' being compiled
C:\Users\joann\Desktop\林基成作業\108-2\hw9\Assignment 9-3\HugeInteger 9-3 - 1081517.h(117): message : while compiling class template member function 'bool HugeInteger<deque<int>>::operator ==(HugeInteger<deque<int>> &)'
C:\Users\joann\Desktop\林基成作業\108-2\hw9\Assignment 9-3\HugeInteger 9-3 - 1081517.h(190): message : see reference to function template instantiation 'bool HugeInteger<deque<int>>::operator ==(HugeInteger<deque<int>> &)' being compiled
C:\Users\joann\Desktop\林基成作業\108-2\hw9\Assignment 9-3\HugeInteger 9-3 - 1081517.h(87): message : while compiling class template member function 'HugeInteger<deque<int>>::HugeInteger(const HugeInteger<deque<int>> &)'
C:\Users\joann\Desktop\林基成作業\108-2\hw9\Assignment 9-3\Assignment 9-3.cpp(164): message : see reference to function template instantiation 'HugeInteger<deque<int>>::HugeInteger(const HugeInteger<deque<int>> &)' being compiled
C:\Users\joann\Desktop\林基成作業\108-2\hw9\Assignment 9-3\Assignment 9-3.cpp(109): message : see reference to function template instantiation 'void input<deque<int>>(HugeInteger<deque<int>> [],HugeInteger<deque<int>> [])' being compiled
C:\Users\joann\Desktop\林基成作業\108-2\hw9\Assignment 9-3\Assignment 9-3.cpp(53): message : see reference to function template instantiation 'void testHugeIntegers<deque<int>>(HugeInteger<deque<int>> [],HugeInteger<deque<int>> [])' being compiled
C:\Users\joann\Desktop\林基成作業\108-2\hw9\Assignment 9-3\Deque - 1081517 - hw9.h(631,40): warning C4018: '<': signed/unsigned mismatch
C:\Users\joann\Desktop\林基成作業\108-2\hw9\Assignment 9-3\List - 1081517 - hw9.h(497,23): warning C4018: '<': signed/unsigned mismatch
C:\Users\joann\Desktop\林基成作業\108-2\hw9\Assignment 9-3\HugeInteger 9-3 - 1081517.h(118): message : see reference to function template instantiation 'bool operator ==<int>(const list<int> &,const list<int> &)' being compiled
C:\Users\joann\Desktop\林基成作業\108-2\hw9\Assignment 9-3\HugeInteger 9-3 - 1081517.h(117): message : while compiling class template member function 'bool HugeInteger<list<int>>::operator ==(HugeInteger<list<int>> &)'
C:\Users\joann\Desktop\林基成作業\108-2\hw9\Assignment 9-3\HugeInteger 9-3 - 1081517.h(190): message : see reference to function template instantiation 'bool HugeInteger<list<int>>::operator ==(HugeInteger<list<int>> &)' being compiled
C:\Users\joann\Desktop\林基成作業\108-2\hw9\Assignment 9-3\HugeInteger 9-3 - 1081517.h(87): message : while compiling class template member function 'HugeInteger<list<int>>::HugeInteger(const HugeInteger<list<int>> &)'
C:\Users\joann\Desktop\林基成作業\108-2\hw9\Assignment 9-3\Assignment 9-3.cpp(164): message : see reference to function template instantiation 'HugeInteger<list<int>>::HugeInteger(const HugeInteger<list<int>> &)' being compiled
C:\Users\joann\Desktop\林基成作業\108-2\hw9\Assignment 9-3\Assignment 9-3.cpp(109): message : see reference to function template instantiation 'void input<list<int>>(HugeInteger<list<int>> [],HugeInteger<list<int>> [])' being compiled
C:\Users\joann\Desktop\林基成作業\108-2\hw9\Assignment 9-3\Assignment 9-3.cpp(65): message : see reference to function template instantiation 'void testHugeIntegers<list<int>>(HugeInteger<list<int>> [],HugeInteger<list<int>> [])' being compiled
C:\Users\joann\Desktop\林基成作業\108-2\hw9\Assignment 9-3\List - 1081517 - hw9.h(497,40): warning C4018: '<': signed/unsigned mismatch
  1081517-hw9-3.vcxproj -> C:\Users\joann\Desktop\林基成作業\108-2\hw9\Assignment 9-3\1081517-hw9-3\Debug\1081517-hw9-3.exe
